


ARM Macro Assembler    Page 1 


    1 00000000         ;=======================================================
                       ===
    2 00000000         ;Description  : Bldc Hall Square Contorl
    3 00000000         ;Project      : WuYunTaXue_ZhenLinV1.00
    4 00000000         ;Mcu          : STM32G030C8T6
    5 00000000         ;Date         : 2022.10.23
    6 00000000         ;File         : Main.c
    7 00000000         ;Function     : Main Loop
    8 00000000         ;Author       ：张飞实战电子
    9 00000000         ;Website      ：www.wuyuntaxue.com（网站可下载资料）
   10 00000000         ;PCBA购买     ：淘宝搜索店铺"张飞电子企业店"
   11 00000000         ;=======================================================
                       ===
   12 00000000                 AREA             START,CODE,READONLY
   13 00000000         ;=======================================================
                       ===
   14 00000000                 EXPORT           __Vectors
   15 00000000                 EXPORT           Reset_Handler
   16 00000000                 EXTERN           Main
   17 00000000                 EXTERN           DMA1_Channel1_IRQHandler
   18 00000000                 EXTERN           TIM1_BRK_UP_TRG_COM_IRQHandler
   19 00000000                 ENTRY
   20 00000000         ;=======================================================
                       ===
   21 00000000         __Vectors
   22 00000000 20002000        DCD              0x20002000
   23 00000004 00000000        DCD              Reset_Handler ; Reset Handler
   24 00000008 00000000        DCD              0           ; NMI_Handler
   25 0000000C 00000000        DCD              0           ; HardFault_Handler
                                                            
   26 00000010 00000000        DCD              0           ; Reserved
   27 00000014 00000000        DCD              0           ; Reserved
   28 00000018 00000000        DCD              0           ; Reserved
   29 0000001C 00000000        DCD              0           ; Reserved
   30 00000020 00000000        DCD              0           ; Reserved
   31 00000024 00000000        DCD              0           ; Reserved
   32 00000028 00000000        DCD              0           ; Reserved
   33 0000002C 00000000        DCD              0           ; SVC_Handler
   34 00000030 00000000        DCD              0           ; Reserved
   35 00000034 00000000        DCD              0           ; Reserved
   36 00000038 00000000        DCD              0           ; PendSV_Handler
   37 0000003C 00000000        DCD              0           ; SysTick_Handler
   38 00000040         
   39 00000040         ; External Interrupts
   40 00000040 00000000        DCD              0           ; WWDG_IRQHandler
   41 00000044 00000000        DCD              0           ; Reserved
   42 00000048 00000000        DCD              0           ; RTC_TAMP_IRQHandl
                                                            er
   43 0000004C 00000000        DCD              0           ; FLASH_IRQHandler
   44 00000050 00000000        DCD              0           ; RCC_IRQHandler
   45 00000054 00000000        DCD              0           ; EXTI0_1_IRQHandle
                                                            r
   46 00000058 00000000        DCD              0           ; EXTI2_3_IRQHandle
                                                            r
   47 0000005C 00000000        DCD              0           ; EXTI4_15_IRQHandl
                                                            er
   48 00000060 00000000        DCD              0           ; Reserved
   49 00000064 00000000        DCD              DMA1_Channel1_IRQHandler ; DMA1
                                                            _Channel1_IRQHandle



ARM Macro Assembler    Page 2 


                                                            r
   50 00000068 00000000        DCD              0           ; DMA1_Channel2_3_I
                                                            RQHandler
   51 0000006C 00000000        DCD              0           ; DMA1_Ch4_5_DMAMUX
                                                            1_OVR_IRQHandler
   52 00000070 00000000        DCD              0           ; ADC1_IRQHandler
   53 00000074 00000000        DCD              TIM1_BRK_UP_TRG_COM_IRQHandler 
                                                            ; TIM1_BRK_UP_TRG_C
                                                            OM_IRQHandler
   54 00000078 00000000        DCD              0           ; TIM1_CC_IRQHandle
                                                            r
   55 0000007C 00000000        DCD              0           ; Reserved
   56 00000080 00000000        DCD              0           ; TIM3_IRQHandler
   57 00000084 00000000        DCD              0           ; 0
   58 00000088 00000000        DCD              0           ; 0
   59 0000008C 00000000        DCD              0           ; TIM14_IRQHandler
   60 00000090 00000000        DCD              0           ; 0
   61 00000094 00000000        DCD              0           ; TIM16_IRQHandler
   62 00000098 00000000        DCD              0           ; TIM17_IRQHandler
   63 0000009C 00000000        DCD              0           ; I2C1_IRQHandler
   64 000000A0 00000000        DCD              0           ; I2C2_IRQHandler
   65 000000A4 00000000        DCD              0           ; SPI1_IRQHandler
   66 000000A8 00000000        DCD              0           ; SPI2_IRQHandler
   67 000000AC 00000000        DCD              0           ; USART1_IRQHandler
                                                            
   68 000000B0 00000000        DCD              0           ; USART2_IRQHandler
                                                            
   69 000000B4 00000000        DCD              0           ; Reserved
   70 000000B8 00000000        DCD              0           ; Reserved
   71 000000BC 00000000        DCD              0           ; Reserved 
   72 000000C0         ;=======================================================
                       ===
   73 000000C0         Reset_Handler
   74 000000C0         
   75 000000C0 4804            LDR              R0,=0x20000000
   76 000000C2 4905            LDR              R1,=0
   77 000000C4 4A05            LDR              R2,=0x20002000
   78 000000C6         Ram_Clear
   79 000000C6 6001            STR              R1,[R0]
   80 000000C8 3004            ADDS             R0,#4
   81 000000CA 4290            CMP              R0,R2
   82 000000CC D1FB            BNE              Ram_Clear
   83 000000CE         
   84 000000CE F7FF FFFE       BL               Main
   85 000000D2         ;=======================================================
                       ===
   86 000000D2 BF00            NOP
   87 000000D4                 END
              20000000 
              00000000 
              20002000 
Command Line: --debug --xref --diag_suppress=9931 --cpu=Cortex-M0+ --apcs=inter
work --depend=.\objects\startup.d -o.\objects\startup.o -I.\RTE\_Target_1 -ID:\
keil_v5\newpack\Keil\STM32G0xx_DFP\1.2.0\Drivers\CMSIS\Device\ST\STM32G0xx\Incl
ude -ID:\keil_v5\ARM\CMSIS\Include --predefine="__UVISION_VERSION SETA 525" --p
redefine="STM32G030xx SETA 1" --list=.\listings\startup.lst ..\Source\Startup.s



ARM Macro Assembler    Page 1 Alphabetic symbol ordering
Relocatable symbols

Ram_Clear 000000C6

Symbol: Ram_Clear
   Definitions
      At line 78 in file ..\Source\Startup.s
   Uses
      At line 82 in file ..\Source\Startup.s
Comment: Ram_Clear used once
Reset_Handler 000000C0

Symbol: Reset_Handler
   Definitions
      At line 73 in file ..\Source\Startup.s
   Uses
      At line 15 in file ..\Source\Startup.s
      At line 23 in file ..\Source\Startup.s

START 00000000

Symbol: START
   Definitions
      At line 12 in file ..\Source\Startup.s
   Uses
      None
Comment: START unused
__Vectors 00000000

Symbol: __Vectors
   Definitions
      At line 21 in file ..\Source\Startup.s
   Uses
      At line 14 in file ..\Source\Startup.s
Comment: __Vectors used once
4 symbols



ARM Macro Assembler    Page 1 Alphabetic symbol ordering
External symbols

DMA1_Channel1_IRQHandler 00000000

Symbol: DMA1_Channel1_IRQHandler
   Definitions
      At line 17 in file ..\Source\Startup.s
   Uses
      At line 49 in file ..\Source\Startup.s
Comment: DMA1_Channel1_IRQHandler used once
Main 00000000

Symbol: Main
   Definitions
      At line 16 in file ..\Source\Startup.s
   Uses
      At line 84 in file ..\Source\Startup.s
Comment: Main used once
TIM1_BRK_UP_TRG_COM_IRQHandler 00000000

Symbol: TIM1_BRK_UP_TRG_COM_IRQHandler
   Definitions
      At line 18 in file ..\Source\Startup.s
   Uses
      At line 53 in file ..\Source\Startup.s
Comment: TIM1_BRK_UP_TRG_COM_IRQHandler used once
3 symbols
341 symbols in table
